<?xml version="1.0" encoding="UTF-8"?>
<!-- Generated by org.testng.reporters.JUnitReportReporter -->
<testsuite skipped="0" hostname="ShashankSharma-PC" name="com.test.frameworks.POMWithPageFactory.tests.TestAdminLogin" tests="5" failures="0" timestamp="03 Dec 2017 10:33:27 GMT" time="29.309" errors="0">
  <testcase name="testAdminLoginWithDataProvider" time="0.758" classname="com.test.frameworks.POMWithPageFactory.tests.TestAdminLogin"/>
  <testcase name="testAdminLoginWithConstDataProvider" time="12.071" classname="com.test.frameworks.POMWithPageFactory.tests.TestAdminLogin"/>
  <testcase name="testAdminLoginWithDataProvider" time="8.209" classname="com.test.frameworks.POMWithPageFactory.tests.TestAdminLogin"/>
  <testcase name="testAdminLogin" time="7.528" classname="com.test.frameworks.POMWithPageFactory.tests.TestAdminLogin"/>
  <testcase name="testAdminLoginWithConstDataProvider" time="0.743" classname="com.test.frameworks.POMWithPageFactory.tests.TestAdminLogin"/>
</testsuite> <!-- com.test.frameworks.POMWithPageFactory.tests.TestAdminLogin -->
