<?xml version="1.0" encoding="UTF-8"?>
<!-- Generated by org.testng.reporters.JUnitReportReporter -->
<testsuite skipped="0" hostname="ShashankSharma-PC" name="com.test.frameworks.POMWithPageFactory.tests.TestAdminLogin" tests="2" failures="0" timestamp="03 Dec 2017 09:40:02 GMT" time="7.310" errors="0">
  <testcase name="testAdminLoginWithDataProvider" time="1.013" classname="com.test.frameworks.POMWithPageFactory.tests.TestAdminLogin"/>
  <testcase name="testAdminLoginWithDataProvider" time="6.297" classname="com.test.frameworks.POMWithPageFactory.tests.TestAdminLogin"/>
</testsuite> <!-- com.test.frameworks.POMWithPageFactory.tests.TestAdminLogin -->
