<?xml version="1.0" encoding="UTF-8"?>
<!-- Generated by org.testng.reporters.JUnitReportReporter -->
<testsuite skipped="0" hostname="ShashankSharma-PC" name="com.test.frameworks.POMWithPageFactory.tests.TestAdminLogin" tests="1" failures="0" timestamp="07 Jan 2018 17:51:05 GMT" time="16.434" errors="0">
  <testcase name="testAdminLogin" time="16.434" classname="com.test.frameworks.POMWithPageFactory.tests.TestAdminLogin"/>
</testsuite> <!-- com.test.frameworks.POMWithPageFactory.tests.TestAdminLogin -->
