<?xml version="1.0" encoding="UTF-8"?>
<!-- Generated by org.testng.reporters.JUnitReportReporter -->
<testsuite skipped="0" hostname="ShashankSharma-PC" name="com.test.frameworks.POMWithPageFactory.tests.TestWeatherApi" tests="1" failures="0" timestamp="03 Dec 2017 16:02:43 GMT" time="72.324" errors="0">
  <testcase name="testWeatherApi" time="72.324" classname="com.test.frameworks.POMWithPageFactory.tests.TestWeatherApi"/>
</testsuite> <!-- com.test.frameworks.POMWithPageFactory.tests.TestWeatherApi -->
