<?xml version="1.0" encoding="UTF-8"?>
<!-- Generated by org.testng.reporters.JUnitReportReporter -->
<testsuite skipped="0" hostname="ShashankSharma-PC" name="com.test.frameworks.POMWithPageFactory.tests.TestAdminLogin" tests="1" failures="0" timestamp="03 Dec 2017 11:20:06 GMT" time="21.318" errors="0">
  <testcase name="testAdminLogin" time="21.318" classname="com.test.frameworks.POMWithPageFactory.tests.TestAdminLogin"/>
</testsuite> <!-- com.test.frameworks.POMWithPageFactory.tests.TestAdminLogin -->
