<?xml version="1.0" encoding="UTF-8"?>
<!-- Generated by org.testng.reporters.JUnitReportReporter -->
<testsuite skipped="0" hostname="ShashankSharma-PC" name="com.test.frameworks.POMWithPageFactory.tests.TestAdminLogin" tests="1" failures="0" timestamp="06 Nov 2017 17:36:03 GMT" time="36.196" errors="0">
  <testcase name="testAdminLogin" time="36.196" classname="com.test.frameworks.POMWithPageFactory.tests.TestAdminLogin"/>
</testsuite> <!-- com.test.frameworks.POMWithPageFactory.tests.TestAdminLogin -->
